<?xml version="1.0" encoding="UTF-8"?>
<testsuite name="com.ct.SpiderTest" tests="1" skipped="0" failures="0" errors="0" timestamp="2017-05-24T00:27:00" hostname="SKY-20161102KYT" time="0.002">
  <properties/>
  <testcase name="testGetProductUrl" classname="com.ct.SpiderTest" time="0.002"/>
  <system-out><![CDATA[]]></system-out>
  <system-err><![CDATA[]]></system-err>
</testsuite>
