<?xml version="1.0" encoding="UTF-8"?>
<testsuite name="com.ct.SpiderTest" tests="1" skipped="0" failures="0" errors="0" timestamp="2017-05-23T09:39:23" hostname="PC-201601182131" time="10.36">
  <properties/>
  <testcase name="testGetList" classname="com.ct.SpiderTest" time="10.36"/>
  <system-out><![CDATA[

<!DOCTYPE html>
<html>
<head>
    
    <title>China table | British | The Met</title>
    <meta charset="UTF-8">
    <meta name="viewport" content="width=device-width, initial-scale=1.0">
        <meta name="title" content="China table | British | The Met" />
        <meta name="keywords" content="Bone china, China tables, Clay, Furniture, Mahogany, Porcelain, Tables, Tea tables, Wood, Woodwork, England, Europe, Staffordshire, United Kingdom" />
        <meta name="description" content="This China, or tea, table is related to a design in the first edition of Thomas Chippendale&#39;s Gentleman and Cabinet-Maker&#39;s Director (1754)." />
    <link rel="canonical" href="http://www.metmuseum.org/art/collection/search/203826" />
            <meta property="fb:admins" content="100000423552506" />
            <meta property="og:image" content="http://images.metmuseum.org/CRDImages/es/web-large/DP105783.jpg" />
            <meta property="og:url" content="http://www.metmuseum.org/art/collection/search/203826" />
            <meta property="og:title" content="China table | British | The Met" />
            <meta property="og:type" content="website" />
            <meta property="og:site_name" content="The Metropolitan Museum of Art, i.e. The Met Museum" />
            <meta property="og:description" content="This China, or tea, table is related to a design in the first edition of Thomas Chippendale&#39;s Gentleman and Cabinet-Maker&#39;s Director (1754)." />

<!-- Google Translate -->
<meta name="google-translate-customization" content="a7fb561d1c200199-4b9ad704ec9d96f4-gd48e9f4054bddd57-11"></meta>

    <link href="/dist/css/met-824b65fb-b5c4-471d-81d8-360866acd26f.css" rel="stylesheet" type="text/css" />
    <link href="/dist/css/metprint-bd583131-b5e5-4849-9721-d155361795fb.css" rel="stylesheet" type="text/css" media="print" />
    <script src="/dist/js/met-header-1375a09e-9c93-4fc1-86b6-9b0cf968f145.js" type="text/javascript"></script>
    <script src="/dist/js/met-async-header-b20bc438-4c1e-4b05-89de-4f7a98033cca.js" type="text/javascript" async></script>
    <script type="text/javascript">
        window.pageData = new PageDataStore();
    </script>

   

    <script type="application/ld+json">
    </script>

    

        <script src="/js/jquery-2.1.4.min.js"></script>
    <script type="text/javascript" src="/content/js/pinimages.js" async></script>

    <!-- Facebook Pixel Code -->
    <script>
    !function(f,b,e,v,n,t,s){if(f.fbq)return;n=f.fbq=function(){n.callMethod?
    n.callMethod.apply(n,arguments):n.queue.push(arguments)};if(!f._fbq)f._fbq=n;
    n.push=n;n.loaded=!0;n.version='2.0';n.queue=[];t=b.createElement(e);t.async=!0;
    t.src=v;s=b.getElementsByTagName(e)[0];s.parentNode.insertBefore(t,s)}(window,
    document,'script','https://connect.facebook.net/en_US/fbevents.js');

    fbq('init', '1397289793845022');
    fbq('track', "PageView");
        </script>
        <noscript>
            <img height="1" width="1" style="display:none"
                 src="https://www.facebook.com/tr?id=1397289793845022&ev=PageView&noscript=1" />
    </noscript>
    <!-- End Facebook Pixel Code -->


    <link rel="shortcut icon" href="/content/img/presentation/icons/favicons/favicon.ico?v=3">
    <link rel="apple-touch-icon" sizes="57x57" href="/content/img/presentation/icons/favicons/apple-icon-57x57.png?v=3">
    <link rel="apple-touch-icon" sizes="60x60" href="/content/img/presentation/icons/favicons/apple-icon-60x60.png?v=3">
    <link rel="apple-touch-icon" sizes="72x72" href="/content/img/presentation/icons/favicons/apple-icon-72x72.png?v=3">
    <link rel="apple-touch-icon" sizes="76x76" href="/content/img/presentation/icons/favicons/apple-icon-76x76.png?v=3">
    <link rel="apple-touch-icon" sizes="114x114" href="/content/img/presentation/icons/favicons/apple-icon-114x114.png?v=3">
    <link rel="apple-touch-icon" sizes="120x120" href="/content/img/presentation/icons/favicons/apple-icon-120x120.png?v=3">
    <link rel="apple-touch-icon" sizes="144x144" href="/content/img/presentation/icons/favicons/apple-icon-144x144.png?v=3">
    <link rel="apple-touch-icon" sizes="152x152" href="/content/img/presentation/icons/favicons/apple-icon-152x152.png?v=3">
    <link rel="apple-touch-icon" sizes="180x180" href="/content/img/presentation/icons/favicons/apple-icon-180x180.png?v=3">
    <link rel="icon" type="image/png" sizes="192x192" href="/content/img/presentation/icons/favicons/android-icon-192x192.png?v=3">
    <link rel="icon" type="image/png" sizes="32x32" href="/content/img/presentation/icons/favicons/favicon-32x32.png?v=3">
    <link rel="icon" type="image/png" sizes="96x96" href="/content/img/presentation/icons/favicons/favicon-96x96.png?v=3">
    <link rel="icon" type="image/png" sizes="16x16" href="/content/img/presentation/icons/favicons/favicon-16x16.png?v=3">
    <link rel="manifest" href="/content/img/presentation/icons/favicons/manifest.json">
    <meta name="msapplication-TileColor" content="#ffffff">
    <meta name="msapplication-TileImage" content="/content/img/presentation/icons/favicons/ms-icon-144x144.png?v=3">
    <meta name="theme-color" content="#ffffff">
    <meta name="msvalidate.01" content="425728227CA57689ED1578D91E3E9295" />
</head>
<body class="" ng-app="met">
    <noscript><iframe src="//www.googletagmanager.com/ns.html?id=GTM-MSDMZ4"
height="0" width="0" style="display:none;visibility:hidden"></iframe></noscript>
<script>(function(w,d,s,l,i){w[l]=w[l]||[];w[l].push({'gtm.start':
new Date().getTime(),event:'gtm.js'});var f=d.getElementsByTagName(s)[0],
j=d.createElement(s),dl=l!='dataLayer'?'&l='+l:'';j.async=true;j.src=
'//www.googletagmanager.com/gtm.js?id='+i+dl;f.parentNode.insertBefore(j,f);
})(window,document,'script','dataLayer','GTM-MSDMZ4');</script>

    <div class="content-wrapper content-wrapper--template-d content-wrapper--masthead">
            <header class="masthead-print">
        <div class="masthead-print__logo">
            <svg class="icon">
                <use xlink:href="/dist/icons.svg#icon-metlogo-print"></use>
            </svg>
        </div>
        <div class="masthead-print__breadcrumb">
                <span>Art</span>/                <span>Collection</span>/            <span class="current-page">Art Object</span>
        </div>
    </header>
<header class="masthead" main-nav>
    <a href="/">
        <span class="masthead__logo">
            <svg class="icon" xmlns="http://www.w3.org/2000/svg" xmlns:xlink="http://www.w3.org/1999/xlink" preserveAspectRatio="xMidYMid" width="40" height="40" viewBox="0 0 40 40">
                <path d="M39.738,27.458 C39.529,26.896 39.238,26.296 38.864,25.660 C38.490,25.026 38.045,24.438 37.529,23.900 C37.014,23.363 36.440,22.917 35.809,22.562 C35.176,22.207 34.498,22.030 33.775,22.030 C33.775,22.030 33.775,36.901 33.775,36.901 C33.775,37.341 33.851,37.729 34.005,38.066 C34.158,38.402 34.370,38.686 34.640,38.918 C34.909,39.150 35.226,39.328 35.588,39.450 C35.950,39.572 36.339,39.633 36.756,39.633 C36.756,39.633 36.756,40.000 36.756,40.000 C36.756,40.000 30.627,40.000 30.627,40.000 C30.627,40.000 30.627,22.213 30.627,22.213 C29.817,22.213 29.124,22.342 28.547,22.599 C27.970,22.855 27.483,23.213 27.084,23.671 C26.685,24.129 26.369,24.679 26.136,25.321 C25.902,25.963 25.725,26.676 25.602,27.458 C25.602,27.458 25.344,27.458 25.344,27.458 C25.221,26.688 25.040,25.982 24.801,25.340 C24.562,24.698 24.237,24.145 23.826,23.680 C23.415,23.216 22.902,22.855 22.289,22.599 C21.675,22.342 20.939,22.213 20.080,22.213 C20.080,22.213 18.718,22.213 18.718,22.213 C18.718,22.213 18.718,30.465 18.718,30.465 C19.429,30.465 20.034,30.383 20.531,30.217 C21.028,30.052 21.433,29.799 21.746,29.456 C22.059,29.114 22.286,28.683 22.427,28.164 C22.568,27.644 22.639,27.030 22.639,26.321 C22.639,26.321 22.933,26.321 22.933,26.321 C22.933,26.321 24.001,35.122 24.001,35.122 C24.001,35.122 23.706,35.122 23.706,35.122 C23.412,33.729 22.871,32.690 22.086,32.005 C21.301,31.320 20.178,30.978 18.718,30.978 C18.718,30.978 18.718,39.450 18.718,39.450 C18.718,39.450 20.908,39.450 20.908,39.450 C21.693,39.450 22.417,39.303 23.080,39.010 C23.743,38.716 24.341,38.325 24.875,37.836 C25.409,37.347 25.872,36.788 26.265,36.159 C26.657,35.529 26.976,34.878 27.222,34.206 C27.222,34.206 27.480,34.206 27.480,34.206 C27.480,34.206 26.706,40.000 26.706,40.000 C26.706,40.000 12.570,40.000 12.570,40.000 C12.570,40.000 12.570,39.633 12.570,39.633 C12.987,39.633 13.377,39.572 13.739,39.450 C14.101,39.328 14.417,39.150 14.687,38.918 C14.956,38.686 15.168,38.399 15.322,38.056 C15.475,37.714 15.552,37.329 15.552,36.901 C15.552,36.901 15.533,24.616 15.533,24.616 C15.533,24.616 9.735,38.166 9.735,38.166 C9.735,38.166 9.514,38.166 9.514,38.166 C9.514,38.166 3.643,25.312 3.643,25.312 C3.643,25.312 3.643,36.901 3.643,36.901 C3.643,37.329 3.719,37.714 3.873,38.056 C4.026,38.399 4.238,38.686 4.508,38.918 C4.777,39.150 5.093,39.328 5.456,39.450 C5.817,39.572 6.207,39.633 6.624,39.633 C6.624,39.633 6.624,40.000 6.624,40.000 C6.624,40.000 -0.002,40.000 -0.002,40.000 C-0.002,40.000 -0.002,39.633 -0.002,39.633 C0.415,39.633 0.805,39.572 1.167,39.450 C1.529,39.328 1.845,39.150 2.115,38.918 C2.385,38.686 2.596,38.399 2.750,38.056 C2.903,37.714 2.980,37.329 2.980,36.901 C2.980,36.901 2.980,23.937 2.980,23.937 C2.734,23.350 2.351,22.886 1.830,22.543 C1.308,22.201 0.698,22.030 -0.002,22.030 C-0.002,22.030 -0.002,21.663 -0.002,21.663 C-0.002,21.663 3.072,21.663 3.072,21.663 C3.833,21.663 4.480,21.783 5.014,22.021 C5.548,22.259 5.974,22.733 6.293,23.442 C6.293,23.442 11.006,33.765 11.006,33.765 C11.006,33.765 15.515,23.222 15.515,23.222 C15.748,22.672 16.135,22.275 16.675,22.030 C17.215,21.786 17.779,21.663 18.368,21.663 C18.368,21.663 39.315,21.663 39.315,21.663 C39.315,21.663 39.996,27.458 39.996,27.458 C39.996,27.458 39.738,27.458 39.738,27.458 ZM23.807,18.337 C23.807,18.337 23.807,17.970 23.807,17.970 C24.654,17.970 25.280,17.777 25.685,17.393 C26.090,17.007 26.292,16.387 26.292,15.531 C26.292,15.531 26.292,9.351 26.292,9.351 C26.292,9.351 19.482,9.351 19.482,9.351 C19.482,9.351 19.482,15.531 19.482,15.531 C19.482,16.387 19.684,17.007 20.089,17.393 C20.494,17.777 21.120,17.970 21.967,17.970 C21.967,17.970 21.967,18.337 21.967,18.337 C21.967,18.337 13.352,18.337 13.352,18.337 C13.352,18.337 13.352,17.970 13.352,17.970 C13.769,17.970 14.159,17.909 14.521,17.787 C14.883,17.665 15.199,17.487 15.469,17.255 C15.739,17.023 15.951,16.735 16.104,16.393 C16.257,16.051 16.334,15.666 16.334,15.238 C16.334,15.238 16.334,5.501 16.334,5.501 C16.334,4.548 16.199,3.744 15.929,3.090 C15.659,2.436 15.276,1.907 14.779,1.504 C14.282,1.100 13.684,0.810 12.984,0.632 C12.285,0.455 11.505,0.367 10.646,0.367 C10.646,0.367 10.646,18.337 10.646,18.337 C10.646,18.337 4.517,18.337 4.517,18.337 C4.517,18.337 4.517,17.970 4.517,17.970 C4.934,17.970 5.324,17.909 5.686,17.787 C6.048,17.665 6.364,17.487 6.634,17.255 C6.904,17.023 7.115,16.738 7.269,16.402 C7.422,16.066 7.499,15.678 7.499,15.238 C7.499,15.238 7.499,0.367 7.499,0.367 C6.836,0.367 6.176,0.547 5.520,0.908 C4.864,1.268 4.259,1.718 3.707,2.256 C3.155,2.793 2.667,3.377 2.244,4.007 C1.820,4.636 1.504,5.232 1.296,5.794 C1.296,5.794 1.038,5.794 1.038,5.794 C1.038,5.794 1.811,-0.000 1.811,-0.000 C1.811,-0.000 21.967,-0.000 21.967,-0.000 C21.967,-0.000 21.967,0.367 21.967,0.367 C20.310,0.367 19.482,1.180 19.482,2.806 C19.482,2.806 19.482,8.802 19.482,8.802 C19.482,8.802 26.292,8.802 26.292,8.802 C26.292,8.802 26.292,2.806 26.292,2.806 C26.292,1.987 26.081,1.375 25.657,0.972 C25.234,0.568 24.617,0.367 23.807,0.367 C23.807,0.367 23.807,-0.000 23.807,-0.000 C23.807,-0.000 37.447,-0.000 37.447,-0.000 C37.447,-0.000 38.220,5.794 38.220,5.794 C38.220,5.794 37.962,5.794 37.962,5.794 C37.716,5.122 37.398,4.471 37.005,3.842 C36.612,3.212 36.149,2.653 35.615,2.164 C35.082,1.675 34.483,1.283 33.821,0.990 C33.158,0.697 32.434,0.551 31.648,0.551 C31.648,0.551 29.440,0.551 29.440,0.551 C29.440,0.551 29.440,8.802 29.440,8.802 C30.937,8.802 32.035,8.487 32.734,7.857 C33.434,7.228 33.777,6.161 33.765,4.658 C33.765,4.658 34.060,4.658 34.060,4.658 C34.060,4.658 35.238,13.459 35.238,13.459 C35.238,13.459 34.943,13.459 34.943,13.459 C34.796,12.763 34.557,12.154 34.226,11.635 C33.894,11.115 33.492,10.684 33.020,10.342 C32.548,10.000 32.008,9.743 31.400,9.572 C30.793,9.401 30.139,9.315 29.440,9.315 C29.440,9.315 29.440,17.787 29.440,17.787 C29.440,17.787 32.385,17.787 32.385,17.787 C33.170,17.787 33.894,17.640 34.557,17.346 C35.219,17.053 35.818,16.662 36.352,16.173 C36.885,15.684 37.348,15.125 37.741,14.495 C38.134,13.866 38.453,13.214 38.698,12.543 C38.698,12.543 38.956,12.543 38.956,12.543 C38.956,12.543 38.183,18.337 38.183,18.337 C38.183,18.337 23.807,18.337 23.807,18.337 Z" id="path-1" class="cls-2" fill-rule="evenodd"/>
            </svg> 
        </span>
    </a>
    <div class="masthead__content">
        <div class="masthead__top-bar">
            <nav class="masthead__top-left">
                <ul class="masthead__aux-nav">
                        <li><a href="/mymet">MyMet</a></li>
                        <li><a href="/visit/buy-tickets">Buy Tickets</a></li>
                                    </ul>
            </nav>
            <div class="masthead__top-right">
                <a href="#" class="masthead__search js-search-trigger">
                    <svg class="icon" xmlns="http://www.w3.org/2000/svg" xmlns:xlink="http://www.w3.org/1999/xlink" preserveAspectRatio="xMidYMid" width="21" height="21" viewBox="0 0 21 21">
                        <path d="M20.657,19.243 C20.657,19.243 19.243,20.657 19.243,20.657 C19.243,20.657 12.900,14.314 12.900,14.314 C11.545,15.367 9.848,16.000 8.000,16.000 C3.582,16.000 0.000,12.418 0.000,8.000 C0.000,3.582 3.582,0.000 8.000,0.000 C12.418,0.000 16.000,3.582 16.000,8.000 C16.000,9.848 15.367,11.545 14.314,12.900 C14.314,12.900 20.657,19.243 20.657,19.243 ZM8.000,2.000 C4.686,2.000 2.000,4.686 2.000,8.000 C2.000,11.314 4.686,14.000 8.000,14.000 C11.314,14.000 14.000,11.314 14.000,8.000 C14.000,4.686 11.314,2.000 8.000,2.000 Z" id="path-1" class="cls-2" fill-rule="evenodd"/>
                    </svg>

                    <span class="masthead__search-label">Search</span>
                </a>
                <a href="#" class="masthead__hamburger js-hamburger">
                    <svg class="icon icon--hamburger" xmlns="http://www.w3.org/2000/svg" xmlns:xlink="http://www.w3.org/1999/xlink" preserveAspectRatio="xMidYMid" width="26" height="17" viewBox="0 0 26 17">
                        <path d="M0.000,17.000 C0.000,17.000 0.000,14.000 0.000,14.000 C0.000,14.000 26.000,14.000 26.000,14.000 C26.000,14.000 26.000,17.000 26.000,17.000 C26.000,17.000 0.000,17.000 0.000,17.000 ZM0.000,7.000 C0.000,7.000 26.000,7.000 26.000,7.000 C26.000,7.000 26.000,10.000 26.000,10.000 C26.000,10.000 0.000,10.000 0.000,10.000 C0.000,10.000 0.000,7.000 0.000,7.000 ZM0.000,0.000 C0.000,0.000 26.000,0.000 26.000,0.000 C26.000,0.000 26.000,3.000 26.000,3.000 C26.000,3.000 0.000,3.000 0.000,3.000 C0.000,3.000 0.000,0.000 0.000,0.000 Z" id="path-1" class="cls-2" fill-rule="evenodd"/>
                    </svg>
                    <svg class="icon icon--close" xmlns="http://www.w3.org/2000/svg" xmlns:xlink="http://www.w3.org/1999/xlink" preserveAspectRatio="xMidYMid" viewBox="0 0 16 16">
                        <path d="M15.997,14.543 C15.997,14.543 14.543,15.997 14.543,15.997 C14.543,15.997 8.000,9.454 8.000,9.454 C8.000,9.454 1.457,15.997 1.457,15.997 C1.457,15.997 0.003,14.543 0.003,14.543 C0.003,14.543 6.546,8.000 6.546,8.000 C6.546,8.000 0.003,1.457 0.003,1.457 C0.003,1.457 1.457,0.003 1.457,0.003 C1.457,0.003 8.000,6.546 8.000,6.546 C8.000,6.546 14.543,0.003 14.543,0.003 C14.543,0.003 15.997,1.457 15.997,1.457 C15.997,1.457 9.454,8.000 9.454,8.000 C9.454,8.000 15.997,14.543 15.997,14.543 Z" />
                    </svg>
                </a>
            </div>
        </div>
        <div class="masthead__bottom-bar js-bottom-bar">
            <nav class="nav-main">
                <ul class="nav-main__primary">
                            <li class="">
            <a class="js-tier1 " href="#" onclick="return false;" data-nav-id="visit">Visit</a>
        </li>
        <li class="">
            <a class="js-tier1 " href="#" onclick="return false;" data-nav-id="exhibitions">Exhibitions</a>
        </li>
            <li data-subnav-for="visit" class="nav-main__subnav js-subnav ">
                <ul class="nav-main__secondary">
                        <li class="js-tier2">
                            <a href="/visit/met-fifth-avenue">The Met Fifth Avenue</a>
                        </li>
                        <li class="js-tier2">
                            <a href="/visit/met-breuer">The Met Breuer</a>
                        </li>
                        <li class="js-tier2">
                            <a href="/visit/met-cloisters">The Met Cloisters</a>
                        </li>
                        <li class="js-tier2">
                            <a href="/visit/museum-map">Museum Map</a>
                        </li>
                        <li class="js-tier2">
                            <a href="/visit/audio-guide">Audio Guide</a>
                        </li>
                        <li class="js-tier2">
                            <a href="/visit/group-visits">Group Visits</a>
                                <ul class="nav-main__tertiary">
                                        <li>
                                            <a href="/visit/group-visits/adult">Adult, University, Tourism, and Personal Groups</a>
                                        </li>
                                        <li>
                                            <a href="/visit/group-visits/school-groups">K–12 School Groups</a>
                                        </li>
                                        <li>
                                            <a href="/visit/group-visits/disabilities">Groups of Visitors with Disabilities</a>
                                        </li>
                                        <li>
                                            <a href="/visit/group-visits/community">Community Adult Groups</a>
                                        </li>
                                        <li>
                                            <a href="/visit/group-visits/camp">Camp and Community Youth Groups</a>
                                        </li>
                                        <li>
                                            <a href="/visit/group-visits/cloisters">Group Visits to The Met Cloisters</a>
                                        </li>
                                </ul>
                        </li>
                        <li class="js-tier2">
                            <a href="/visit/buy-tickets">Buy Tickets</a>
                        </li>
                </ul>
            </li>
            <li data-subnav-for="exhibitions" class="nav-main__subnav js-subnav ">
                <ul class="nav-main__secondary">
                        <li class="js-tier2">
                            <a href="/exhibitions/current-exhibitions">Current Exhibitions</a>
                        </li>
                        <li class="js-tier2">
                            <a href="/exhibitions/upcoming-exhibitions">Upcoming Exhibitions</a>
                        </li>
                        <li class="js-tier2">
                            <a href="/exhibitions/past-exhibitions">Past Exhibitions</a>
                        </li>
                </ul>
            </li>
        <li class="">
            <a class="js-tier1 " href="#" onclick="return false;" data-nav-id="events">Events</a>
        </li>
        <li class="">
            <a class="js-tier1 " href="#" onclick="return false;" data-nav-id="art">Art</a>
        </li>
            <li data-subnav-for="events" class="nav-main__subnav js-subnav ">
                <ul class="nav-main__secondary">
                        <li class="js-tier2">
                            <a href="/events/find-events">Find Events</a>
                        </li>
                        <li class="js-tier2">
                            <a href="/events/programs">Ongoing Programs</a>
                                <ul class="nav-main__tertiary">
                                        <li>
                                            <a href="/events/programs/met-creates">MetCreates</a>
                                        </li>
                                        <li>
                                            <a href="/events/programs/met-live-arts">MetLiveArts</a>
                                        </li>
                                        <li>
                                            <a href="/events/programs/met-tours">MetTours</a>
                                        </li>
                                        <li>
                                            <a href="/events/programs/met-speaks">MetSpeaks</a>
                                        </li>
                                        <li>
                                            <a href="/events/programs/met-studies">MetStudies</a>
                                        </li>
                                        <li>
                                            <a href="/events/programs/met-celebrates">MetCelebrates</a>
                                        </li>
                                        <li>
                                            <a href="/events/programs/teens">Teens</a>
                                        </li>
                                        <li>
                                            <a href="/events/programs/access">Access</a>
                                        </li>
                                        <li>
                                            <a href="/events/programs/families">Families</a>
                                        </li>
                                        <li>
                                            <a href="/events/programs/members">Members</a>
                                        </li>
                                </ul>
                        </li>
                </ul>
            </li>
            <li data-subnav-for="art" class="nav-main__subnav js-subnav ">
                <ul class="nav-main__secondary">
                        <li class="js-tier2">
                            <a href="/art/collection">Collection</a>
                        </li>
                        <li class="js-tier2">
                            <a href="/art/toah">Timeline of Art History</a>
                        </li>
                        <li class="js-tier2">
                            <a href="/art/online-features">Online Features</a>
                                <ul class="nav-main__tertiary">
                                        <li>
                                            <a href="/art/online-features/metcollects">MetCollects</a>
                                        </li>
                                        <li>
                                            <a href="/art/online-features/metkids">#MetKids</a>
                                        </li>
                                        <li>
                                            <a href="/art/online-features/viewpoints">Viewpoints: Body Language</a>
                                        </li>
                                </ul>
                        </li>
                        <li class="js-tier2">
                            <a href="/art/metpublications">MetPublications</a>
                        </li>
                        <li class="js-tier2">
                            <a href="/art/libraries-and-research-centers">Libraries and Research Centers</a>
                                <ul class="nav-main__tertiary">
                                        <li>
                                            <a href="/art/libraries-and-research-centers/thomas-j-watson-library">Thomas J. Watson Library</a>
                                        </li>
                                        <li>
                                            <a href="/art/libraries-and-research-centers/leonard-lauder-research-center">Leonard A. Lauder Research Center for Modern Art</a>
                                        </li>
                                        <li>
                                            <a href="/art/libraries-and-research-centers/nolen-library">Nolen Library in the Ruth and Harold D. Uris Center for Education</a>
                                        </li>
                                        <li>
                                            <a href="/art/libraries-and-research-centers/digital-collections">Thomas J. Watson Library Digital Collections</a>
                                        </li>
                                        <li>
                                            <a href="/art/libraries-and-research-centers/the-henry-r-luce-center-for-the-study-of-american-art">The Henry R. Luce Center for the Study of American Art</a>
                                        </li>
                                        <li>
                                            <a href="/art/libraries-and-research-centers/the-cloisters-library-and-archive">The Cloisters Library and Archives</a>
                                        </li>
                                        <li>
                                            <a href="/art/libraries-and-research-centers/study-room-for-drawings-and-prints">Study Room for Drawings and Prints</a>
                                        </li>
                                        <li>
                                            <a href="/art/libraries-and-research-centers/the-irene-lewisohn-costume-reference-library">The Costume Institute's Irene Lewisohn Costume Reference Library</a>
                                        </li>
                                        <li>
                                            <a href="/art/libraries-and-research-centers/robert-goldwater-library">The Robert Goldwater Library</a>
                                        </li>
                                        <li>
                                            <a href="/art/libraries-and-research-centers/the-robert-lehman-collection-library">The Robert Lehman Collection Library</a>
                                        </li>
                                        <li>
                                            <a href="/art/libraries-and-research-centers/joyce-f-menschel-photography-library">Joyce F. Menschel Photography Library</a>
                                        </li>
                                        <li>
                                            <a href="/art/libraries-and-research-centers/study-room-for-photographs">Study Room for Photographs</a>
                                        </li>
                                        <li>
                                            <a href="/art/libraries-and-research-centers/the-onassis-library-for-hellenic-and-roman-art">The Onassis Library for Hellenic and Roman Art</a>
                                        </li>
                                        <li>
                                            <a href="/art/libraries-and-research-centers/antonio-ratti-textile-center-and-reference-library">Antonio Ratti Textile Center and Reference Library</a>
                                        </li>
                                        <li>
                                            <a href="/art/libraries-and-research-centers/museum-archives">Museum Archives</a>
                                        </li>
                                </ul>
                        </li>
                </ul>
            </li>
        <li class="">
            <a class="js-tier1 " href="#" onclick="return false;" data-nav-id="learn">Learn</a>
        </li>
        <li class="">
            <a class="js-tier1 " href="#" onclick="return false;" data-nav-id="join-and-give">Join and Give</a>
        </li>
            <li data-subnav-for="learn" class="nav-main__subnav js-subnav ">
                <ul class="nav-main__secondary">
                        <li class="js-tier2">
                            <a href="/learn/kids-and-families">Kids & Families</a>
                                <ul class="nav-main__tertiary">
                                        <li>
                                            <a href="/learn/kids-and-families/family-map">Family Map</a>
                                        </li>
                                        <li>
                                            <a href="/learn/kids-and-families/family-guides">Family Guides</a>
                                        </li>
                                </ul>
                        </li>
                        <li class="js-tier2">
                            <a href="/learn/teens">Teens</a>
                        </li>
                        <li class="js-tier2">
                            <a href="/learn/adults">Adults</a>
                        </li>
                        <li class="js-tier2">
                            <a href="/learn/university-students-and-faculty">University Students and Faculty</a>
                                <ul class="nav-main__tertiary">
                                        <li>
                                            <a href="/learn/university-students-and-faculty/college-group">The Met College Group</a>
                                        </li>
                                </ul>
                        </li>
                        <li class="js-tier2">
                            <a href="/learn/educators">Educators</a>
                                <ul class="nav-main__tertiary">
                                        <li>
                                            <a href="/learn/educators/lesson-plans">Lesson Plans</a>
                                        </li>
                                        <li>
                                            <a href="/learn/educators/curriculum-resources">Curriculum Resources</a>
                                        </li>
                                </ul>
                        </li>
                        <li class="js-tier2">
                            <a href="/learn/visitors-with-disabilities">Visitors with Disabilities</a>
                        </li>
                </ul>
            </li>
            <li data-subnav-for="join-and-give" class="nav-main__subnav js-subnav ">
                <ul class="nav-main__secondary">
                        <li class="js-tier2">
                            <a href="/join-and-give/membership">Membership</a>
                                <ul class="nav-main__tertiary">
                                        <li>
                                            <a href="/join-and-give/membership/young-members">Young Members</a>
                                        </li>
                                        <li>
                                            <a href="/join-and-give/membership/faqs">Frequently Asked Questions</a>
                                        </li>
                                </ul>
                        </li>
                        <li class="js-tier2">
                            <a href="/join-and-give/donate">Support The Met</a>
                                <ul class="nav-main__tertiary">
                                        <li>
                                            <a href="/join-and-give/donate/planned-giving">Planned Giving</a>
                                        </li>
                                        <li>
                                            <a href="/join-and-give/donate/curatorial-friends-groups">Curatorial Friends Groups</a>
                                        </li>
                                        <li>
                                            <a href="/join-and-give/donate/gift-acceptance-guidelines">Gift Acceptance Guidelines</a>
                                        </li>
                                </ul>
                        </li>
                        <li class="js-tier2">
                            <a href="/join-and-give/host-an-event">Host an Event</a>
                                <ul class="nav-main__tertiary">
                                        <li>
                                            <a href="/join-and-give/host-an-event/corporate-receptions-and-dinners">Corporate Receptions and Dinners</a>
                                        </li>
                                        <li>
                                            <a href="/join-and-give/host-an-event/nonprofit-receptions-and-galas">Nonprofit Receptions and Galas</a>
                                        </li>
                                        <li>
                                            <a href="/join-and-give/host-an-event/private-celebrations">Private Celebrations for Museum Members</a>
                                        </li>
                                        <li>
                                            <a href="/join-and-give/host-an-event/meetings-and-conferences">Meetings and Conferences</a>
                                        </li>
                                        <li>
                                            <a href="/join-and-give/host-an-event/concerts-film-screenings-and-upfronts">Concerts, Film Screenings, and Upfronts</a>
                                        </li>
                                        <li>
                                            <a href="/join-and-give/host-an-event/graduations-and-recitals">Graduations and Recitals</a>
                                        </li>
                                </ul>
                        </li>
                        <li class="js-tier2">
                            <a href="/join-and-give/corporate-support">Corporate Support</a>
                        </li>
                        <li class="js-tier2">
                            <a href="/join-and-give/travel-with-the-met">Travel with The Met</a>
                        </li>
                        <li class="js-tier2">
                            <a href="/join-and-give/volunteer">Volunteer</a>
                        </li>
                </ul>
            </li>
        <li class="">
            <a class="js-tier1 " href="#" onclick="return false;" data-nav-id="shop">Shop</a>
        </li>
            <li data-subnav-for="shop" class="nav-main__subnav js-subnav ">
                <ul class="nav-main__secondary">
                        <li class="js-tier2">
                            <a href="/shop/shop-all-met-store">Shop All Met Store</a>
                        </li>
                        <li class="js-tier2">
                            <a href="/shop/exhibition-catalogues">Exhibition Catalogues</a>
                        </li>
                        <li class="js-tier2">
                            <a href="/shop/best-sellers">Best Sellers</a>
                        </li>
                        <li class="js-tier2">
                            <a href="/shop/new-arrivals">New Arrivals</a>
                        </li>
                </ul>
            </li>


                    <li class="nav-main__subnav nav-main__subnav--search js-search">
                        <div class="nav-main__secondary nav-main__secondary--search">
<form action="/search-results" method="get"><input name="__RequestVerificationToken" type="hidden" value="D6MsVHSpv806Z8CcpZXkxmVoBrkVvi4S1VOpsuXsLiHSHIZ-Rmbxx6lDklzFId2HtQlOPzZuwgfQ9Qy3dh5h1hJJ74E1" /><input id="SiteSearch" name="SiteSearch" type="hidden" value="search" /><input autocomplete="off" id="SearchText" name="SearchText" placeholder="Search" type="text" value="" />                                <button type="submit">Go</button>
</form>                        </div>
                    </li>
                </ul>
            </nav>
        </div>
    </div>
</header>

<script type="text/ng-template" id="FilterModal.html">
    <div class="modal modal--filtering">
        <div class="modal__dialog">
            <header class="modal__header modal__header--no-border">

                <h2 class="modal__title">{{ filterModal.modalTitle }}</h2>

                <button class="modal__close"
                        type="button"
                        ng-click="filterModal.close()">
                    <span class="visuallyhidden">Close</span>
                    <svg class="icon">
                        <use xlink:href="/dist/icons.svg#ico-close"></use>
                    </svg>
                </button>
            </header>
            <div class="modal__content">
                <div class="modal-filters" ng-controller="FilterBarController as filterBar">
                    <div class="modal-filters__filters">
                        <div ng-repeat="filter in filterBar.filters">
                            <simple-facet-filter filter-id="filter.filterGroupId"
                                                 filter-label="filter.filterGroupLabel"
                                                 filter-facets="filter.filterGroupItems"
                                                 ng-if="filter.filterGroupType === 'simple-facet'">
                            </simple-facet-filter>
                            <radio-facets-filter filter-id="filter.filterGroupId"
                                                 filter-label="filter.filterGroupLabel"
                                                 filter-search-facets="filter.filterGroupItems"
                                                 filter-group-name="filter.filterGroupName"
                                                 ng-if="filter.filterGroupType === 'radioFacet'">
                            </radio-facets-filter>
                            <advanced-facet-filter filter-label="filter.filterGroupLabel"
                                                   filter-facet-groups="filter.filterGroupItems"
                                                   ng-if="filter.filterGroupType === 'advanced-facet'">
                            </advanced-facet-filter>
                            <dropdown-facets-filter filter-id="filter.filterGroupId"
                                                    filter-label="filter.filterGroupLabel"
                                                    filter-facets="filter.filterGroupItems"
                                                    ng-if="filter.filterGroupType === 'dropdown-facet'">
                            </dropdown-facets-filter>
                            <!--
                            <dropdown-facets-filter filter-id="filter.filterGroupId"
                                                    filter-label="filter.filterGroupLabel"
                                                    filter-facets="filter.filterGroupItems"
                                                    ng-if="filter.filterGroupType === 'media-tab'">
                            </dropdown-facets-filter>
                            -->
                            <sort-by-filter filter-id="filter.filterGroupId"
                                            filter-label="filter.filterGroupLabel"
                                            filter-options="filter.filterGroupItems"
                                            ng-if="filter.filterGroupType === 'sort'">
                            </sort-by-filter>
                            <radio-facets-filter filter-id="filter.filterGroupId"
                                                 filter-label="filter.filterGroupLabel"
                                                 filter-search-facets="filter.filterGroupItems"
                                                 filter-group-name="filter.filterGroupName"
                                                 ng-if="filter.filterGroupType === 'radioFilter'"></radio-facets-filter>
                        </div>
                    </div>
                </div>
            </div>
            <div class="modal__buttons">
                <button class="button button--basic" type="button" ng-click="filterModal.clear()">Clear</button>
                <button class="button button--primary" type="button" ng-click="filterModal.close()">Apply</button>
            </div>
        </div>
    </div>
</script>


        
    </div>

    

    
<div class="banner banner--collection-results">
    <div class="content-wrapper">
    <a href="/art/collection/search#!?PerPage=20&amp;offset=0&amp;q=china" class="banner__link-back">
        <svg class="icon icon--grid">
            <use xlink:href="/dist/icons.svg#ico-grid-view"></use>
        </svg>Back to Search Results
    </a>
</div>
    <div class="collection-results">
            <a href="/art/collection/search/486633?pos=1&amp;pg=1&amp;rpp=20&amp;offset=0&amp;ft=china" class="collection-results__nav collection-results__nav-prev" title="Previous Collection">
                <div class="collection-results__nav-content">
                    <img src="http://images.metmuseum.org/CRDImages/ma/web-thumb/sf1995.437.jpg">
                    <span class="collection-results__count">1 of 18221</span>
                    <span class="collection-results__title">China</span>
                </div>
            </a>
        <div class="collection-results__current" ng-controller="currentImageController as currImage">
            <a name="#collectionImage">
                <img ng-src="{{currImage.selectedOrDefaultPreview('http://images.metmuseum.org/CRDImages/es/web-large/DP105783.jpg')}}" alt="">
            </a>
                <span ng-if="currImage.currentImage.publicCaption" class="collection-results__caption" ng-cloak>{{currImage.selectedOrDefaultCaption('No image is available at this time.')}}</span>

    </div>
            <a href="/art/collection/search/8031?pos=3&amp;pg=1&amp;rpp=20&amp;offset=0&amp;ft=china" class="collection-results__nav collection-results__nav-next" title="Next Collection">
                <div class="collection-results__nav-content">
                    <img src="http://images.metmuseum.org/CRDImages/ad/web-thumb/66489.jpg">
                    <span class="collection-results__count">3 of 18221</span>
                    <span class="collection-results__title">Sweetmeat Stand</span>
                </div>
            </a>
    </div>

    <div class="content-wrapper">
            <div class="content-wrapper">
        <div class="utility-menu">
            <ul class="utility-menu__list utility-menu__list--page ng-scope" ng-controller="UtilityMenu">
                <li class="utility-menu__item utility-menu__item--share">
                    <input type="checkbox" id="share" class="trigger" />
                    <label for="share" class="utility-menu__item-link">
                        <svg class="icon">
                            <use xlink:href="/dist/icons.svg#ico-share"></use>
                        </svg>Share
                    </label>
                    <ul class="utility-menu__social-list">
                        <li class="utility-menu__social-item">
                            <a href="http://www.facebook.com/share.php?u=http%3a%2f%2fwww.metmuseum.org%2fart%2fcollection%2fsearch%2f203826&title=China+table" title="Facebook" target="_blank">
                                <svg class="icon">
                                    <use xlink:href="/dist/icons.svg#ico-facebook"></use>
                                </svg>
                            </a>
                        </li>
                        <li class="utility-menu__social-item">
                            <a href="http://twitter.com/intent/tweet?status=China+table+http%3a%2f%2fwww.metmuseum.org%2fart%2fcollection%2fsearch%2f203826" title="Twitter" target="_blank">
                                <svg class="icon">
                                    <use xlink:href="/dist/icons.svg#ico-twitter"></use>
                                </svg>
                            </a>
                        </li>
                        <li class="utility-menu__social-item">
                            <a href="http://pinterest.com/pin/create/bookmarklet/?media=http%3a%2f%2fimages.metmuseum.org%2fCRDImages%2fes%2fweb-large%2fDP105783.jpg&url=http%3a%2f%2fwww.metmuseum.org%2fart%2fcollection%2fsearch%2f203826&is_video=false&description=China+table" title="Pinterest" target="_blank">
                                <svg class="icon">
                                    <use xlink:href="/dist/icons.svg#ico-pinterest"></use>
                                </svg>
                            </a>
                        </li>
                        <li class="utility-menu__social-item">
                            <a href="https://www.tumblr.com/widgets/share/tool?canonicalUrl=http%3a%2f%2fwww.metmuseum.org%2fart%2fcollection%2fsearch%2f203826&caption=China+table+(via+%3ca+href%3d%22http%3a%2f%2fwww.metmuseum.org%2fart%2fcollection%2fsearch%2f203826%22%3eThe+Met%3c%2fa%3e)&content=http%3a%2f%2fimages.metmuseum.org%2fCRDImages%2fes%2fweb-large%2fDP105783.jpg&posttype=photo" title="Tumblr" target="_blank">
                                <svg class="icon">
                                    <use xlink:href="/dist/icons.svg#ico-tumblr"></use>
                                </svg>
                            </a>
                        </li>
                        <li class="utility-menu__social-item">
                            <a href="#" ng-click="openEmailForm()" title="Email">
                                <svg class="icon">
                                    <use xlink:href="/dist/icons.svg#ico-share-email"></use>
                                </svg>
                            </a>
                        </li>
                        <li id="utility-emailsharemodal-wrapper">
                            <form id="utility-emailshareform">
                                <email-form-modal>

                                </email-form-modal>
                                <email-form-modal-mobile>

                                </email-form-modal-mobile>
                                <input name="__RequestVerificationToken" type="hidden" value="_Y2zFr1wWB6uw8-UEdlB07Wh4dmNk6XNzIi7voJa6W7-frBM6aex6No-c2Ksw62mYNOh0PqQFOT6S0dQMj84_Gshlro1" />
                            </form>
                        </li> 
                    </ul>
                </li>
                <li class="utility-menu__item utility-menu__item--print">
                    <a href="#" class="utility-menu__item-link" ng-hide="" ng-click="print()">
                        <svg class="icon icon--print">
                            <use xmlns:xlink="http://www.w3.org/1999/xlink" xlink:href="/dist/icons.svg#ico-print"></use>
                        </svg>Print
                    </a>
                </li>
                <li class="utility-menu__item utility-menu__item--link">
                    <a href="/art/collection/search/203826" class="utility-menu__item-link" ng-hide="" ng-click="">
                        <svg class="icon icon--link">
                            <use xmlns:xlink="http://www.w3.org/1999/xlink" xlink:href="/dist/icons.svg#ico-link"></use>
                        </svg>Link
                    </a>
                </li>
            </ul>
            <ul class="utility-menu__list utility-menu__list--artwork ng-scope" ng-controller="UtilityMenu">
                    <li class="utility-menu__item utility-menu__item--open-access">
                        <a href="https://creativecommons.org/publicdomain/zero/1.0/" class="utility-menu__item-link" ng-hide="" ng-click="">
                            <svg class="icon icon--open-access">
                                <use xmlns:xlink="http://www.w3.org/1999/xlink" xlink:href="/dist/icons.svg#cc-zero"></use>
                            </svg>Public Domain
                        </a>
                    </li>
                                                    <li class="utility-menu__item utility-menu__item--download">
                        <a href="{{selectedOrDefaultDownload(&#039;http://images.metmuseum.org/CRDImages/es/original/DP105783.jpg&#039;)}}" class="utility-menu__item-link" ng-hide="" ng-click="">
                            <svg class="icon icon--download">
                                <use xmlns:xlink="http://www.w3.org/1999/xlink" xlink:href="/dist/icons.svg#ico-download"></use>
                            </svg>Download
                        </a>
                    </li>
                    <li class="utility-menu__item utility-menu__item--enlarge">
                        <a href="#" class="utility-menu__item-link" ng-hide="" ng-click="">
                            <svg class="icon icon--enlarge">
                                <use xmlns:xlink="http://www.w3.org/1999/xlink" xlink:href="/dist/icons.svg#ico-enlarge"></use>
                            </svg>Enlarge
                        </a>
                    </li>
            </ul>
        </div>
    </div>

    </div>
</div>
<div class="content-wrapper content-wrapper--template-d"> 
    <div class="g-row">
        <div class="g-primary">
            <div class="l-component-block">
                

<script>
    var imageConfig = {
        searchApp: {
            name: 'additionalImages',
            id: 'additionalImages'
        },
        searchParams: {
            crdId: '203826'
        }
    };

    window.pageData.add('imageConfig', JSON.stringify(imageConfig));

</script>


    <section class="accordion accordion--no-top" ng-controller="accordionController as accordion">
        <label class="accordion__toggle-control">
            <header class="accordion__header">
                <input type="checkbox" ng-init="accordion.isOpen=false" ng-model="accordion.isOpen" class="accordion__toggle-state" />
                <span class="accordion__toggle-indicator"></span>
                Additional Images
            </header>
        </label>
        <div class="accordion__content" ng-show="accordion.isOpen" ng-cloak>
            <div class="additional-images" ng-controller="additionalImagesController as addImg">

                <div class="additional-images">
                    <div class="additional-images__image-wrapper">

                        <div class="additional-images__image"
                             ng-class="{ 'is-active': addImg.isActive(img) }"
                             ng-repeat="img in addImg.images track by $index">
                            <img ng-src="{{img.imageUrl}}" alt="{{img.publicCaption}}" ng-click="addImg.selectImage(img)">
                        </div>

                    </div>
                    <div ng-if="addImg.showMore()" class="additional-images__showmore">
                        <button class="button button--basic"
                                ng-click="addImg.nextPage()">
                            Show More
                        </button>
                    </div>
                </div>
            </div>
        </div>
    </section>




            </div>
            <div class="l-component-block">
                    <h1 class="collection-details__object-title">China table</h1>
    <div class="collection-details__tombstone">
            <dl class="collection-details__tombstone--row">
                <dt class="collection-details__tombstone--label">Date:</dt>
                <dd class="collection-details__tombstone--value">ca. 1755–60</dd>
            </dl>
            <dl class="collection-details__tombstone--row">
                <dt class="collection-details__tombstone--label">Culture:</dt>
                <dd class="collection-details__tombstone--value">British</dd>
            </dl>
            <dl class="collection-details__tombstone--row">
                <dt class="collection-details__tombstone--label">Medium:</dt>
                <dd class="collection-details__tombstone--value">Mahogany</dd>
            </dl>
            <dl class="collection-details__tombstone--row">
                <dt class="collection-details__tombstone--label">Dimensions:</dt>
                <dd class="collection-details__tombstone--value">Overall: 28 1/4 × 37 3/4 × 26 1/2 in. (71.8 × 95.9 × 67.3 cm)</dd>
            </dl>
            <dl class="collection-details__tombstone--row">
                <dt class="collection-details__tombstone--label">Classification:</dt>
                <dd class="collection-details__tombstone--value">Woodwork-Furniture</dd>
            </dl>
            <dl class="collection-details__tombstone--row">
                <dt class="collection-details__tombstone--label">Credit Line:</dt>
                <dd class="collection-details__tombstone--value">Gift of Irwin Untermyer, 1964</dd>
            </dl>
            <dl class="collection-details__tombstone--row">
                <dt class="collection-details__tombstone--label">Accession Number:</dt>
                <dd class="collection-details__tombstone--value">64.101.1099</dd>
            </dl>
    </div>
    <div class="collection-details__location">
        <svg class="icon">
            <use xmlns:xlink="http://www.w3.org/1999/xlink" xlink:href="/dist/icons.svg#ico-marker"></use>
        </svg>
        Not on view
    </div>
    <div class="collection-details__label">
        This China, or tea, table is related to a design in the first edition of Thomas Chippendale's Gentleman and Cabinet-Maker's Director (1754).
    </div>


            </div>
            <div class="l-component-block">
                    <div class="collection-details__accordion-container">    
            <section class="accordion ng-scope" ng-controller="accordionController as accordion">
                <label class="accordion__toggle-control">
                    <header class="accordion__header">
                        <input type="checkbox" ng-init="accordion.isOpen=false" ng-model="accordion.isOpen" class="accordion__toggle-state ng-pristine ng-untouched ng-valid"><span class="accordion__toggle-indicator"></span>
                        Signatures, Inscriptions, and Markings
                    </header>
                </label>
                <div class="accordion__content ng-hide" ng-show="accordion.isOpen">
                    <strong>Inscription:</strong> Pasted on a block underneath the top is a round sticker on which are printed and inscribed, respectively: "Irwin Untermyer Collection"; and "418" and "F."
                </div>
            </section>
            <section class="accordion ng-scope" ng-controller="accordionController as accordion">
                <label class="accordion__toggle-control">
                    <header class="accordion__header">
                        <input type="checkbox" ng-init="accordion.isOpen=false" ng-model="accordion.isOpen" class="accordion__toggle-state ng-pristine ng-untouched ng-valid"><span class="accordion__toggle-indicator"></span>
                        Provenance
                    </header>
                </label>
                <div class="accordion__content ng-hide" ng-show="accordion.isOpen">
                    James Duveen ; [ Sydney Letts ] ; Richard A. Canfield (by 1913) ; Marsden J. Perry (until 1936) ; [ sale, The Anderson Galleries New York, April 4, 1936, no. 246 ] ; Irwin Untermyer (by 1958–64; to MMA) 
                </div>
            </section>
    </div>
        <div class="collection-details__accordion-container">
            <section class="accordion ng-scope" ng-controller="accordionController as accordion">
                <label class="accordion__toggle-control">
                    <header class="accordion__header">
                        <input type="checkbox" ng-init="accordion.isOpen=false" ng-model="accordion.isOpen" class="accordion__toggle-state ng-pristine ng-untouched ng-valid"><span class="accordion__toggle-indicator"></span>
                        Timeline of Art History (2000-present)
                    </header>
                </label>
                <div class="accordion__content ng-hide" ng-show="accordion.isOpen">

                        <div class="link-list">
                            <p>
                                <strong>Timelines</strong><br />
 <a href="http://www.metmuseum.org/toah/ht/?period=09&amp;region=euwb">Great Britain and Ireland, 1600&#8211;1800 A.D.</a><br />
                            </p>
                        </div>
                </div>
            </section>
        </div>
        <div class="collection-details__accordion-container">
            <section class="accordion ng-scope" ng-controller="accordionController as accordion">
                <label class="accordion__toggle-control">
                    <header class="accordion__header">
                        <input type="checkbox" ng-init="accordion.isOpen=false" ng-model="accordion.isOpen" class="accordion__toggle-state ng-pristine ng-untouched ng-valid"><span class="accordion__toggle-indicator"></span>
                        MetPublications
                    </header>
                </label>
                <div class="accordion__content ng-hide" ng-show="accordion.isOpen">
                        <div class="link-list">
                            <p>
 <a href="/art/metpublications/European_Furniture_in_The_Metropolitan_Museum_of_Art_Highlights_of_the_Collection">European Furniture in The Metropolitan Museum of Art: Highlights of the Collection</a><br />  <a href="/art/metpublications/Highlights_of_the_Untermyer_Collection_of_English_and_Continental_Decorative_Arts">Highlights of the Untermyer Collection of English and Continental Decorative Arts</a><br /> 

                            </p>
                        </div>
                </div>
            </section>
        </div>

            </div>
            <div class="l-component-block">
                    <div class="collection_details__facets--section">
            <div class="collection_details__facets--department">
                <label class="collection_details__facets--department-label">Department</label>
                    <div><a href="/art/collection/search#!/search?department=12">European Sculpture and Decorative Arts (42,239)</a></div>
            </div>
        <div class="collection_details__facets--container">

                <div class="collection_details__facets">
                    <label class="collection_details__facets--label">Object Type / Material</label>
                        <div><a href="/art/collection/search#!/search?material=Bone+china">Bone china (71)</a></div>
                        <div><a href="/art/collection/search#!/search?material=China+tables">China tables (1)</a></div>
                        <div><a href="/art/collection/search#!/search?material=Clay">Clay (22,193)</a></div>
                        <div><a href="/art/collection/search#!/search?material=Furniture">Furniture (8,641)</a></div>
                        <div><a href="/art/collection/search#!/search?material=Mahogany">Mahogany (935)</a></div>
                        <div><a href="/art/collection/search#!/search?material=Porcelain">Porcelain (10,390)</a></div>
                        <div><a href="/art/collection/search#!/search?material=Tables">Tables (984)</a></div>
                        <div><a href="/art/collection/search#!/search?material=Tea+tables">Tea tables (23)</a></div>
                        <div><a href="/art/collection/search#!/search?material=Wood">Wood (12,294)</a></div>
                        <div><a href="/art/collection/search#!/search?material=Woodwork">Woodwork (2,292)</a></div>
                </div>
                            <div class="collection_details__facets">
                    <label class="collection_details__facets--label">Geographic Location</label>
                        <div><a href="/art/collection/search#!/search?geolocation=England">England (10,307)</a></div>
                        <div><a href="/art/collection/search#!/search?geolocation=Europe">Europe (167,536)</a></div>
                        <div><a href="/art/collection/search#!/search?geolocation=Staffordshire">Staffordshire (3,113)</a></div>
                        <div><a href="/art/collection/search#!/search?geolocation=United+Kingdom">United Kingdom (27,960)</a></div>
                </div>
                            <div class="collection_details__facets">
                    <label class="collection_details__facets--label">Date / Era</label>
                        <div><a href="/art/collection/search#!/search?era=A.D.+1600-1800">A.D. 1600&ndash;1800 (74,244)</a></div>
                </div>
        </div>
    </div>

            </div>
            <div class="l-component-block">
                    <div class="collection-objects-grid"
     ng-controller="CollectionResultsController as collection">
    <div class="collection-objects-grid__header-container">

        <span class="collection-objects-grid__title">Related Objects</span>
    </div>
            <div class="grid-listing grid-listing--collection list"
                 ng-class="list"
                 ng-cloak>

                    <div class="grid-listing__item">
                        <div class="card card--collection">
                            <figure class="card__standard-image">
                                <a href="/art/collection/search/208559"><img src="http://images.metmuseum.org/CRDImages/es/web-thumb/DP110780.jpg" /></a>
                            </figure>
                            <div class="card__text">
                                <h2 class="card__title">
                                    <a href="/art/collection/search/208559">Set of fourteen side chairs</a>
                                </h2>

                                <div class="card__meta">
                                    <span class="card__meta-label"><span>Artist:</span> Thomas Chippendale (British, baptised Otley, West Yorkshire 1718–1779 London)</span>                                                                        <span class="card__meta-date"><span>Date:</span> ca. 1772</span>                                                                        <span class="card__meta-medium"><span>Medium:</span> Mahogany, covered in modern red morocco leather</span>                                                                        <span class="card__meta-accession"><span>Accession:</span> 1996.426.1–.14</span>                                                                        <span class="card__meta-gallery"><span>On view in:</span>Not on view</span>                                </div>
                            </div>
                        </div>
                    </div>
                    <div class="grid-listing__item">
                        <div class="card card--collection">
                            <figure class="card__standard-image">
                                <a href="/art/collection/search/231791"><img src="http://images.metmuseum.org/CRDImages/es/web-thumb/ES5646.jpg" /></a>
                            </figure>
                            <div class="card__text">
                                <h2 class="card__title">
                                    <a href="/art/collection/search/231791">Armchair</a>
                                </h2>

                                <div class="card__meta">
                                                                        <span class="card__meta-date"><span>Date:</span> ca. 1740</span>                                                                        <span class="card__meta-medium"><span>Medium:</span> Mahogany and tapestry</span>                                                                        <span class="card__meta-accession"><span>Accession:</span> 66.71.2</span>                                                                        <span class="card__meta-gallery"><span>On view in:</span>Not on view</span>                                </div>
                            </div>
                        </div>
                    </div>
                    <div class="grid-listing__item">
                        <div class="card card--collection">
                            <figure class="card__standard-image">
                                <a href="/art/collection/search/203858"><img src="http://images.metmuseum.org/CRDImages/es/web-thumb/DP116391.jpg" /></a>
                            </figure>
                            <div class="card__text">
                                <h2 class="card__title">
                                    <a href="/art/collection/search/203858">Cheval fire screen</a>
                                </h2>

                                <div class="card__meta">
                                    <span class="card__meta-label"><span>Artist:</span> Panel attributed to Thomas Moore (British, ca. 1700–1788)</span>                                                                        <span class="card__meta-date"><span>Date:</span> ca. 1755–60</span>                                                                        <span class="card__meta-medium"><span>Medium:</span> Mahogany, wool knotted-pile panel (not original to the screen)</span>                                                                        <span class="card__meta-accession"><span>Accession:</span> 64.101.1155</span>                                                                        <span class="card__meta-gallery"><span>On view in:</span>Not on view</span>                                </div>
                            </div>
                        </div>
                    </div>
                    <div class="grid-listing__item">
                        <div class="card card--collection">
                            <figure class="card__standard-image">
                                <a href="/art/collection/search/203842"><img src="http://images.metmuseum.org/CRDImages/es/web-thumb/DP105780.jpg" /></a>
                            </figure>
                            <div class="card__text">
                                <h2 class="card__title">
                                    <a href="/art/collection/search/203842">Standing shelf (one of a pair)</a>
                                </h2>

                                <div class="card__meta">
                                    <span class="card__meta-label"><span>Artist:</span> William Linnell (ca. 1703–1763)</span>                                                                        <span class="card__meta-date"><span>Date:</span> ca. 1753–54</span>                                                                        <span class="card__meta-medium"><span>Medium:</span> Lacquered and painted pine, mahogany and British walnut</span>                                                                        <span class="card__meta-accession"><span>Accession:</span> 64.101.1124</span>                                                                        <span class="card__meta-gallery"><span>On view in:</span>Not on view</span>                                </div>
                            </div>
                        </div>
                    </div>
                    <div class="grid-listing__item">
                        <div class="card card--collection">
                            <figure class="card__standard-image">
                                <a href="/art/collection/search/202283"><img src="http://images.metmuseum.org/CRDImages/es/web-thumb/DP112853.jpg" /></a>
                            </figure>
                            <div class="card__text">
                                <h2 class="card__title">
                                    <a href="/art/collection/search/202283">Commode</a>
                                </h2>

                                <div class="card__meta">
                                    <span class="card__meta-label"><span>Artist:</span> Peter Langlois (French, active 1759–81, worked in England 1760–70)</span>                                                                        <span class="card__meta-date"><span>Date:</span> 1764</span>                                                                        <span class="card__meta-medium"><span>Medium:</span> Pine and oak with marquetry of satinwood, kingwood, and other woods on a mahogany ground; gilt bronze</span>                                                                        <span class="card__meta-accession"><span>Accession:</span> 59.127</span>                                                                        <span class="card__meta-gallery"><span>On view in:</span>Not on view</span>                                </div>
                            </div>
                        </div>
                    </div>
            </div>
       
</div>



            </div>
        </div>
    </div>
</div>


    

        <div class="outer-wrapper">
        <div class="promo-area--footer">
            <div class="promo-area__row">
                    <div class="promo-area__promo">
<a href='/art/metpublications/The_Metropolitan_Museum_of_Art_Guide' ><img src='/-/media/Images/Promos/Footer Promos/Art/MetPublications/guide-global-promo.jpg?h=560&amp;w=840&amp;la=en&hash=7B8166094FA00EA2B673F621B1591F28750B956C' srcset='/-/media/Images/Promos/Footer%20Promos/Art/MetPublications/guide-global-promo.jpg?h=280&w=420&hash=2154BBD2F6E842F8AEB9E03C3E945C760FE37A11 1x, /-/media/Images/Promos/Footer%20Promos/Art/MetPublications/guide-global-promo.jpg?h=560&w=840&hash=4EC7AD74931E9706F23C44E9EE5BF376EF357A5E 2x' alt='Cover of Guide featuring painting of a man' /></a>                        <div class="promo-area__text">
                            <h2>
<a href='/art/metpublications/The_Metropolitan_Museum_of_Art_Guide' >The Met Guide</a>                            </h2>
                            <p><span class="notranslate">The <em>Metropolitan Museum of Art </span>Guide</em> provides a comprehensive view of art history spanning five millennia and the entire globe.</p>
                        </div>
                    </div>
                    <div class="promo-area__promo">
<a href='/metmedia' target='_blank' ><img src='/-/media/Images/Promos/Footer Promos/MetMedia/MetMedia.jpg?h=560&amp;w=840&amp;la=en&hash=9E294AC62A7736CDB9C6FDCB0FB92BB7CA51AE90' srcset='/-/media/Images/Promos/Footer%20Promos/MetMedia/MetMedia.jpg?h=280&w=420&hash=3DB95D4C1C51D8A995FA7A00D6EE87F36B675023 1x, /-/media/Images/Promos/Footer%20Promos/MetMedia/MetMedia.jpg?h=560&w=840&hash=A16920C0A23A1A7879EAA9D3A1E8CE499E679389 2x' alt='Video still of a conservator retouching a painting' /></a>                        <div class="promo-area__text">
                            <h2>
<a href='/metmedia' target='_blank' >Latest in MetMedia</a>                            </h2>
                            <p>Experience the best of human creativity from every corner of the globe at The Met.</p>
                        </div>
                    </div>
                    <div class="promo-area__promo">
<a href='/events/programs/met-tours/guided-tours' target='_blank' ><img src='/-/media/Images/Promos/Footer Promos/Events/Ongoing Programs/GuidedTours.jpg?h=560&amp;w=840&amp;la=en&hash=6A9C7E0F571B3250C4843C3E2203B29A468AF9E2' srcset='/-/media/Images/Promos/Footer%20Promos/Events/Ongoing%20Programs/GuidedTours.jpg?h=280&w=420&hash=F834806E4107B4F8044DA56CDE4420008D4A0C38 1x, /-/media/Images/Promos/Footer%20Promos/Events/Ongoing%20Programs/GuidedTours.jpg?h=560&w=840&hash=86FAF3759DB23807325939E225BB01AC6C35AD53 2x' alt='Young woman talking in front of a painting' /></a>                        <div class="promo-area__text">
                            <h2>
<a href='/events/programs/met-tours/guided-tours' target='_blank' >Guided Tours</a>                            </h2>
                            <p>Explore highlights of the collection through a variety of tours.</p>
                        </div>
                    </div>
                    <div class="promo-area__promo">
<a href='/visit/met-app' target='_blank' ><img src='/-/media/Images/Promos/Footer Promos/Visit/Met App_global promo.jpg?h=480&amp;w=720&amp;la=en&hash=0DEBAE8C642EEA35532EA5764FFF50FA8B771CCF' srcset='/-/media/Images/Promos/Footer%20Promos/Visit/Met%20App_global%20promo.jpg?h=240&w=360&hash=30CE6C98A59ADE04B11C0A87C4EB5D88C5E37C45 1x, /-/media/Images/Promos/Footer%20Promos/Visit/Met%20App_global%20promo.jpg?h=480&w=720&hash=B1739E7789B3DD3606E955E20B71D28EF3A0FD82 2x' alt='Hand holding a mobile phone showing The Met App' /></a>                        <div class="promo-area__text">
                            <h2>
<a href='/visit/met-app' target='_blank' >The Met App</a>                            </h2>
                            <p>The easiest way to see what's happening at <span class="notranslate">The Met</span> every day&mdash;wherever you are.</p>
                        </div>
                    </div>
            </div>
        </div>
    </div>

    <footer class="global-footer">
    <div class="global-footer__wrapper">
        <div class="global-footer__mobile-actions">
                <form method="get" action="/mymet">
                    <button type="submit" class="global-footer__mobile-login" onclick="window.location = '/mymet'">My Met Login</button>
                </form>        </div>
        <div class="global-footer__primary">
            <div class="global-footer__locations">
                <ul class="global-footer__locations-items">
                    <li class="global-footer__locations-item">
                        <nav class="global-footer__primary-nav">
                            <ul class="global-footer__nav-items">
                                        <li class="global-footer__nav-item">
<a href='/about-the-met' class='global-footer__nav-link' >About The Met</a>                                        </li>
                                        <li class="global-footer__nav-item">
<a href='/metmedia' class='global-footer__nav-link' >MetMedia</a>                                        </li>
                                        <li class="global-footer__nav-item">
<a href='/blogs' class='global-footer__nav-link' >Blogs</a>                                        </li>
                                        <li class="global-footer__nav-item">
<a href='/press' class='global-footer__nav-link' >Press</a>                                        </li>
                            </ul>
                        </nav>
                    </li>

                            <li class="global-footer__locations-item"><a href="/visit/met-fifth-avenue"><div class="museum-address">
<div class="museum-address__name"><a href="/visit/met-fifth-avenue"><span class="notranslate">The Met Fifth Avenue</span></a></div>
<address class="museum-address__information">
<ul class="museum-address__information-items">
    <li class="museum-address__information-item">1000 Fifth Avenue</li>
    <li class="museum-address__information-item">New York, NY 10028</li>
    <li class="museum-address__information-item">Phone: 212-535-7710</li>
</ul>
</address>
</div></a></li>
                            <li class="global-footer__locations-item"><a href="/visit/met-breuer"><div class="museum-address">
<div class="museum-address__name"><a href="/visit/met-breuer"><span class="notranslate">The Met Breuer</span></a></div>
<address class="museum-address__information">
<ul class="museum-address__information-items">
    <li class="museum-address__information-item">945 Madison Avenue</li>
    <li class="museum-address__information-item">New York, NY 10021</li>
    <li class="museum-address__information-item">Phone: 212-731-1675</li>
</ul>
</address>
</div></a></li>
                            <li class="global-footer__locations-item"><a href="/visit/met-cloisters"><div class="museum-address">
<div class="museum-address__name"><a href="/visit/met-cloisters"><span class="notranslate">The Met Cloisters</span></a></div>
<address class="museum-address__information">
<ul class="museum-address__information-items">
    <li class="museum-address__information-item">99 Margaret Corbin Drive</li>
    <li class="museum-address__information-item">Fort Tryon Park</li>
    <li class="museum-address__information-item">New York, NY 10040</li>
    <li class="museum-address__information-item">Phone: 212-923-3700</li>
</ul>
</address>
</div></a></li>
                </ul>
            </div>
        </div>
        
        <div class="global-footer__secondary">
            <div class="global-footer__secondary-wrapper">
                <form name="footerNewsletter"
      class="global-footer__newsletter-signup form__field-wrapper"
      novalidate
      ng-controller="newsletterSignupController as signup"
      ng-submit="signup.submit()">

    <div ng-if="!signup.success">
        <label class="global-footer__newsletter-label" for="newsletter-email">Newsletter:</label>
        <input class="global-footer__newsletter-input" ng-model="signup.email" ng-model-options="{updateOn: 'blur'}" type="email" autocomplete="email" id="newsletter-email" placeholder="Enter your email" required />
        <button class="global-footer__newsletter-submit" type="submit">Sign Up</button>
        <div ng-if="footerNewsletter.$dirty && footerNewsletter.$invalid" class="form__validation-error" ng-cloak>Please enter a valid email address.</div>
        <div ng-if="signup.submitted && !signup.success" class="form__validation-error">{{signup.message}}</div>
    </div>
    <p class="global-footer__newsletter-confirm" ng-if="signup.success">{{signup.message}}</p>

</form>

                <ul class="global-footer__social-items">
                        <li class="global-footer__social-item">
                            <a href="http://www.facebook.com/metmuseum" target="_blank">
                                <svg class="icon--fbook">
                                    <use xlink:href="/dist/icons.svg#ico-facebook"></use>
                                </svg>
                            </a>
                        </li>                        <li class="global-footer__social-item">
                            <a href="https://twitter.com/metmuseum" target="_blank">
                                <svg class="icon--twitter">
                                    <use xlink:href="/dist/icons.svg#ico-twitter"></use>
                                </svg>
                            </a>
                        </li>                        <li class="global-footer__social-item">
                            <a href="https://pinterest.com/metmuseum/" target="_blank">
                                <svg class="icon--pinterest">
                                    <use xlink:href="/dist/icons.svg#ico-pinterest"></use>
                                </svg>
                            </a>
                        </li>                        <li class="global-footer__social-item">
                            <a href="http://www.instagram.com/metmuseum" target="_blank">
                                <svg class="icon--instagram">
                                    <use xlink:href="/dist/icons.svg#ico-instagram"></use>
                                </svg>
                            </a>
                        </li>                        <li class="global-footer__social-item">
                            <a href="https://www.youtube.com/user/metmuseum" target="_blank">
                                <svg class="icon--youtube">
                                    <use xlink:href="/dist/icons.svg#ico-youtube"></use>
                                </svg>
                            </a>
                        </li>                </ul>
            </div>
        </div>
        
        <div class="global-footer__site-info">
                <div class="global-footer__copyright-info">&#169; 2000–2017 The Metropolitan Museum of Art. All rights reserved.</div>            <nav class="global-footer__info-nav">
                <ul class="global-footer__info-items">
                            <li class="global-footer__info-item">
<a href='/information/site-index' class='global-footer__info-link' >Site Index</a>                            </li>
                            <li class="global-footer__info-item">
<a href='/information/terms-and-conditions' class='global-footer__info-link' >Terms and Conditions</a>                            </li>
                            <li class="global-footer__info-item">
<a href='/information/privacy-policy' class='global-footer__info-link' >Privacy Policy</a>                            </li>
                            <li class="global-footer__info-item">
<a href='/about-the-met/contact' class='global-footer__info-link' >Contact Information</a>                            </li>
                </ul>
            </nav>
        </div>
    </div>
</footer>

    

    <script type="text/ng-template" id="ModalWindow.html">
        <div modal-render="{{$isRendered}}" tabindex="-1" role="dialog" class="modal"
             modal-animation-class="fade"
             modal-in-class="in"
             ng-style="{'z-index': 1050 + index*10, display: 'block'}">
            <div class="modal__dialog" ng-class="size ? 'modal-' + size : ''">
                <div class="modal__content" modal-transclude></div>
            </div>
        </div>
    </script>
  
    <script src="/js/met-legacy/object-zoom-53694ee8-996b-4bdb-9f08-0e4db4bbc07f.js" type="text/javascript"></script>


        <script src="/dist/vendor.min.js?v=201705230113"></script>
        <script src="/dist/met.min.js?v=201705230113"></script>
</body>
</html>

http://images.metmuseum.org/CRDImages/ma/web-thumb/sf1995.437.jpg
http://images.metmuseum.org/CRDImages/ad/web-thumb/66489.jpg
http://images.metmuseum.org/CRDImages/es/web-thumb/DP110780.jpg
http://images.metmuseum.org/CRDImages/es/web-thumb/ES5646.jpg
http://images.metmuseum.org/CRDImages/es/web-thumb/DP116391.jpg
http://images.metmuseum.org/CRDImages/es/web-thumb/DP105780.jpg
http://images.metmuseum.org/CRDImages/es/web-thumb/DP112853.jpg
/-/media/Images/Promos/Footer Promos/Art/MetPublications/guide-global-promo.jpg?h=560&amp;w=840&amp;la=en&hash=7B8166094FA00EA2B673F621B1591F28750B956C' srcset='/-/media/Images/Promos/Footer%20Promos/Art/MetPublications/guide-global-promo.jpg?h=280&w=420&hash=2154BBD2F6E842F8AEB9E03C3E945C760FE37A11 1x, /-/media/Images/Promos/Footer%20Promos/Art/MetPublications/guide-global-promo.jpg?h=560&w=840&hash=4EC7AD74931E9706F23C44E9EE5BF376EF357A5E 2x' alt='Cover of Guide featuring painting of a man' /></a>                        <div class="promo-area__text
/-/media/Images/Promos/Footer Promos/MetMedia/MetMedia.jpg?h=560&amp;w=840&amp;la=en&hash=9E294AC62A7736CDB9C6FDCB0FB92BB7CA51AE90' srcset='/-/media/Images/Promos/Footer%20Promos/MetMedia/MetMedia.jpg?h=280&w=420&hash=3DB95D4C1C51D8A995FA7A00D6EE87F36B675023 1x, /-/media/Images/Promos/Footer%20Promos/MetMedia/MetMedia.jpg?h=560&w=840&hash=A16920C0A23A1A7879EAA9D3A1E8CE499E679389 2x' alt='Video still of a conservator retouching a painting' /></a>                        <div class="promo-area__text
/-/media/Images/Promos/Footer Promos/Events/Ongoing Programs/GuidedTours.jpg?h=560&amp;w=840&amp;la=en&hash=6A9C7E0F571B3250C4843C3E2203B29A468AF9E2' srcset='/-/media/Images/Promos/Footer%20Promos/Events/Ongoing%20Programs/GuidedTours.jpg?h=280&w=420&hash=F834806E4107B4F8044DA56CDE4420008D4A0C38 1x, /-/media/Images/Promos/Footer%20Promos/Events/Ongoing%20Programs/GuidedTours.jpg?h=560&w=840&hash=86FAF3759DB23807325939E225BB01AC6C35AD53 2x' alt='Young woman talking in front of a painting' /></a>                        <div class="promo-area__text
/-/media/Images/Promos/Footer Promos/Visit/Met App_global promo.jpg?h=480&amp;w=720&amp;la=en&hash=0DEBAE8C642EEA35532EA5764FFF50FA8B771CCF' srcset='/-/media/Images/Promos/Footer%20Promos/Visit/Met%20App_global%20promo.jpg?h=240&w=360&hash=30CE6C98A59ADE04B11C0A87C4EB5D88C5E37C45 1x, /-/media/Images/Promos/Footer%20Promos/Visit/Met%20App_global%20promo.jpg?h=480&w=720&hash=B1739E7789B3DD3606E955E20B71D28EF3A0FD82 2x' alt='Hand holding a mobile phone showing The Met App' /></a>                        <div class="promo-area__text
]]></system-out>
  <system-err><![CDATA[]]></system-err>
</testsuite>
